Determining if the pthread_create exist failed with the following output:
Change Dir: /home/jetbot/catkin_ws/build/hector_map_tools/CMakeFiles/CMakeTmp

Run Build Command:"/usr/bin/make" "cmTC_fa927/fast"
/usr/bin/make -f CMakeFiles/cmTC_fa927.dir/build.make CMakeFiles/cmTC_fa927.dir/build
make[1]: Entering directory '/home/jetbot/catkin_ws/build/hector_map_tools/CMakeFiles/CMakeTmp'
Building C object CMakeFiles/cmTC_fa927.dir/CheckSymbolExists.c.o
/usr/bin/cc    -o CMakeFiles/cmTC_fa927.dir/CheckSymbolExists.c.o   -c /home/jetbot/catkin_ws/build/hector_map_tools/CMakeFiles/CMakeTmp/CheckSymbolExists.c
Linking C executable cmTC_fa927
/usr/bin/cmake -E cmake_link_script CMakeFiles/cmTC_fa927.dir/link.txt --verbose=1
/usr/bin/cc      -rdynamic CMakeFiles/cmTC_fa927.dir/CheckSymbolExists.c.o  -o cmTC_fa927 
CMakeFiles/cmTC_fa927.dir/CheckSymbolExists.c.o: In function `main':
CheckSymbolExists.c:(.text+0x14): undefined reference to `pthread_create'
CheckSymbolExists.c:(.text+0x18): undefined reference to `pthread_create'
collect2: error: ld returned 1 exit status
CMakeFiles/cmTC_fa927.dir/build.make:97: recipe for target 'cmTC_fa927' failed
make[1]: *** [cmTC_fa927] Error 1
make[1]: Leaving directory '/home/jetbot/catkin_ws/build/hector_map_tools/CMakeFiles/CMakeTmp'
Makefile:126: recipe for target 'cmTC_fa927/fast' failed
make: *** [cmTC_fa927/fast] Error 2

File /home/jetbot/catkin_ws/build/hector_map_tools/CMakeFiles/CMakeTmp/CheckSymbolExists.c:
/* */
#include <pthread.h>

int main(int argc, char** argv)
{
  (void)argv;
#ifndef pthread_create
  return ((int*)(&pthread_create))[argc];
#else
  (void)argc;
  return 0;
#endif
}

Determining if the function pthread_create exists in the pthreads failed with the following output:
Change Dir: /home/jetbot/catkin_ws/build/hector_map_tools/CMakeFiles/CMakeTmp

Run Build Command:"/usr/bin/make" "cmTC_71e45/fast"
/usr/bin/make -f CMakeFiles/cmTC_71e45.dir/build.make CMakeFiles/cmTC_71e45.dir/build
make[1]: Entering directory '/home/jetbot/catkin_ws/build/hector_map_tools/CMakeFiles/CMakeTmp'
Building C object CMakeFiles/cmTC_71e45.dir/CheckFunctionExists.c.o
/usr/bin/cc   -DCHECK_FUNCTION_EXISTS=pthread_create   -o CMakeFiles/cmTC_71e45.dir/CheckFunctionExists.c.o   -c /usr/share/cmake-3.10/Modules/CheckFunctionExists.c
Linking C executable cmTC_71e45
/usr/bin/cmake -E cmake_link_script CMakeFiles/cmTC_71e45.dir/link.txt --verbose=1
/usr/bin/cc  -DCHECK_FUNCTION_EXISTS=pthread_create    -rdynamic CMakeFiles/cmTC_71e45.dir/CheckFunctionExists.c.o  -o cmTC_71e45 -lpthreads 
/usr/bin/ld: cannot find -lpthreads
collect2: error: ld returned 1 exit status
CMakeFiles/cmTC_71e45.dir/build.make:97: recipe for target 'cmTC_71e45' failed
make[1]: *** [cmTC_71e45] Error 1
make[1]: Leaving directory '/home/jetbot/catkin_ws/build/hector_map_tools/CMakeFiles/CMakeTmp'
Makefile:126: recipe for target 'cmTC_71e45/fast' failed
make: *** [cmTC_71e45/fast] Error 2


