Determining if the pthread_create exist failed with the following output:
Change Dir: /home/jetbot/catkin_ws/build/catkin_tools_prebuild/CMakeFiles/CMakeTmp

Run Build Command:"/usr/bin/make" "cmTC_688db/fast"
/usr/bin/make -f CMakeFiles/cmTC_688db.dir/build.make CMakeFiles/cmTC_688db.dir/build
make[1]: Entering directory '/home/jetbot/catkin_ws/build/catkin_tools_prebuild/CMakeFiles/CMakeTmp'
Building C object CMakeFiles/cmTC_688db.dir/CheckSymbolExists.c.o
/usr/bin/cc    -o CMakeFiles/cmTC_688db.dir/CheckSymbolExists.c.o   -c /home/jetbot/catkin_ws/build/catkin_tools_prebuild/CMakeFiles/CMakeTmp/CheckSymbolExists.c
Linking C executable cmTC_688db
/usr/bin/cmake -E cmake_link_script CMakeFiles/cmTC_688db.dir/link.txt --verbose=1
/usr/bin/cc      -rdynamic CMakeFiles/cmTC_688db.dir/CheckSymbolExists.c.o  -o cmTC_688db 
CMakeFiles/cmTC_688db.dir/CheckSymbolExists.c.o: In function `main':
CheckSymbolExists.c:(.text+0x14): undefined reference to `pthread_create'
CheckSymbolExists.c:(.text+0x18): undefined reference to `pthread_create'
collect2: error: ld returned 1 exit status
CMakeFiles/cmTC_688db.dir/build.make:97: recipe for target 'cmTC_688db' failed
make[1]: *** [cmTC_688db] Error 1
make[1]: Leaving directory '/home/jetbot/catkin_ws/build/catkin_tools_prebuild/CMakeFiles/CMakeTmp'
Makefile:126: recipe for target 'cmTC_688db/fast' failed
make: *** [cmTC_688db/fast] Error 2

File /home/jetbot/catkin_ws/build/catkin_tools_prebuild/CMakeFiles/CMakeTmp/CheckSymbolExists.c:
/* */
#include <pthread.h>

int main(int argc, char** argv)
{
  (void)argv;
#ifndef pthread_create
  return ((int*)(&pthread_create))[argc];
#else
  (void)argc;
  return 0;
#endif
}

Determining if the function pthread_create exists in the pthreads failed with the following output:
Change Dir: /home/jetbot/catkin_ws/build/catkin_tools_prebuild/CMakeFiles/CMakeTmp

Run Build Command:"/usr/bin/make" "cmTC_61b59/fast"
/usr/bin/make -f CMakeFiles/cmTC_61b59.dir/build.make CMakeFiles/cmTC_61b59.dir/build
make[1]: Entering directory '/home/jetbot/catkin_ws/build/catkin_tools_prebuild/CMakeFiles/CMakeTmp'
Building C object CMakeFiles/cmTC_61b59.dir/CheckFunctionExists.c.o
/usr/bin/cc   -DCHECK_FUNCTION_EXISTS=pthread_create   -o CMakeFiles/cmTC_61b59.dir/CheckFunctionExists.c.o   -c /usr/share/cmake-3.10/Modules/CheckFunctionExists.c
Linking C executable cmTC_61b59
/usr/bin/cmake -E cmake_link_script CMakeFiles/cmTC_61b59.dir/link.txt --verbose=1
/usr/bin/cc  -DCHECK_FUNCTION_EXISTS=pthread_create    -rdynamic CMakeFiles/cmTC_61b59.dir/CheckFunctionExists.c.o  -o cmTC_61b59 -lpthreads 
/usr/bin/ld: cannot find -lpthreads
collect2: error: ld returned 1 exit status
CMakeFiles/cmTC_61b59.dir/build.make:97: recipe for target 'cmTC_61b59' failed
make[1]: *** [cmTC_61b59] Error 1
make[1]: Leaving directory '/home/jetbot/catkin_ws/build/catkin_tools_prebuild/CMakeFiles/CMakeTmp'
Makefile:126: recipe for target 'cmTC_61b59/fast' failed
make: *** [cmTC_61b59/fast] Error 2


