Determining if the pthread_create exist failed with the following output:
Change Dir: /home/jetbot/catkin_ws/build/hector_slam/CMakeFiles/CMakeTmp

Run Build Command:"/usr/bin/make" "cmTC_b8d97/fast"
/usr/bin/make -f CMakeFiles/cmTC_b8d97.dir/build.make CMakeFiles/cmTC_b8d97.dir/build
make[1]: Entering directory '/home/jetbot/catkin_ws/build/hector_slam/CMakeFiles/CMakeTmp'
Building C object CMakeFiles/cmTC_b8d97.dir/CheckSymbolExists.c.o
/usr/bin/cc    -o CMakeFiles/cmTC_b8d97.dir/CheckSymbolExists.c.o   -c /home/jetbot/catkin_ws/build/hector_slam/CMakeFiles/CMakeTmp/CheckSymbolExists.c
Linking C executable cmTC_b8d97
/usr/bin/cmake -E cmake_link_script CMakeFiles/cmTC_b8d97.dir/link.txt --verbose=1
/usr/bin/cc      -rdynamic CMakeFiles/cmTC_b8d97.dir/CheckSymbolExists.c.o  -o cmTC_b8d97 
CMakeFiles/cmTC_b8d97.dir/CheckSymbolExists.c.o: In function `main':
CheckSymbolExists.c:(.text+0x14): undefined reference to `pthread_create'
CheckSymbolExists.c:(.text+0x18): undefined reference to `pthread_create'
collect2: error: ld returned 1 exit status
CMakeFiles/cmTC_b8d97.dir/build.make:97: recipe for target 'cmTC_b8d97' failed
make[1]: *** [cmTC_b8d97] Error 1
make[1]: Leaving directory '/home/jetbot/catkin_ws/build/hector_slam/CMakeFiles/CMakeTmp'
Makefile:126: recipe for target 'cmTC_b8d97/fast' failed
make: *** [cmTC_b8d97/fast] Error 2

File /home/jetbot/catkin_ws/build/hector_slam/CMakeFiles/CMakeTmp/CheckSymbolExists.c:
/* */
#include <pthread.h>

int main(int argc, char** argv)
{
  (void)argv;
#ifndef pthread_create
  return ((int*)(&pthread_create))[argc];
#else
  (void)argc;
  return 0;
#endif
}

Determining if the function pthread_create exists in the pthreads failed with the following output:
Change Dir: /home/jetbot/catkin_ws/build/hector_slam/CMakeFiles/CMakeTmp

Run Build Command:"/usr/bin/make" "cmTC_107ff/fast"
/usr/bin/make -f CMakeFiles/cmTC_107ff.dir/build.make CMakeFiles/cmTC_107ff.dir/build
make[1]: Entering directory '/home/jetbot/catkin_ws/build/hector_slam/CMakeFiles/CMakeTmp'
Building C object CMakeFiles/cmTC_107ff.dir/CheckFunctionExists.c.o
/usr/bin/cc   -DCHECK_FUNCTION_EXISTS=pthread_create   -o CMakeFiles/cmTC_107ff.dir/CheckFunctionExists.c.o   -c /usr/share/cmake-3.10/Modules/CheckFunctionExists.c
Linking C executable cmTC_107ff
/usr/bin/cmake -E cmake_link_script CMakeFiles/cmTC_107ff.dir/link.txt --verbose=1
/usr/bin/cc  -DCHECK_FUNCTION_EXISTS=pthread_create    -rdynamic CMakeFiles/cmTC_107ff.dir/CheckFunctionExists.c.o  -o cmTC_107ff -lpthreads 
/usr/bin/ld: cannot find -lpthreads
collect2: error: ld returned 1 exit status
CMakeFiles/cmTC_107ff.dir/build.make:97: recipe for target 'cmTC_107ff' failed
make[1]: *** [cmTC_107ff] Error 1
make[1]: Leaving directory '/home/jetbot/catkin_ws/build/hector_slam/CMakeFiles/CMakeTmp'
Makefile:126: recipe for target 'cmTC_107ff/fast' failed
make: *** [cmTC_107ff/fast] Error 2


