Determining if the pthread_create exist failed with the following output:
Change Dir: /home/jetbot/catkin_ws/build/hector_imu_tools/CMakeFiles/CMakeTmp

Run Build Command:"/usr/bin/make" "cmTC_8f682/fast"
/usr/bin/make -f CMakeFiles/cmTC_8f682.dir/build.make CMakeFiles/cmTC_8f682.dir/build
make[1]: Entering directory '/home/jetbot/catkin_ws/build/hector_imu_tools/CMakeFiles/CMakeTmp'
Building C object CMakeFiles/cmTC_8f682.dir/CheckSymbolExists.c.o
/usr/bin/cc    -o CMakeFiles/cmTC_8f682.dir/CheckSymbolExists.c.o   -c /home/jetbot/catkin_ws/build/hector_imu_tools/CMakeFiles/CMakeTmp/CheckSymbolExists.c
Linking C executable cmTC_8f682
/usr/bin/cmake -E cmake_link_script CMakeFiles/cmTC_8f682.dir/link.txt --verbose=1
/usr/bin/cc      -rdynamic CMakeFiles/cmTC_8f682.dir/CheckSymbolExists.c.o  -o cmTC_8f682 
CMakeFiles/cmTC_8f682.dir/CheckSymbolExists.c.o: In function `main':
CheckSymbolExists.c:(.text+0x14): undefined reference to `pthread_create'
CheckSymbolExists.c:(.text+0x18): undefined reference to `pthread_create'
collect2: error: ld returned 1 exit status
CMakeFiles/cmTC_8f682.dir/build.make:97: recipe for target 'cmTC_8f682' failed
make[1]: *** [cmTC_8f682] Error 1
make[1]: Leaving directory '/home/jetbot/catkin_ws/build/hector_imu_tools/CMakeFiles/CMakeTmp'
Makefile:126: recipe for target 'cmTC_8f682/fast' failed
make: *** [cmTC_8f682/fast] Error 2

File /home/jetbot/catkin_ws/build/hector_imu_tools/CMakeFiles/CMakeTmp/CheckSymbolExists.c:
/* */
#include <pthread.h>

int main(int argc, char** argv)
{
  (void)argv;
#ifndef pthread_create
  return ((int*)(&pthread_create))[argc];
#else
  (void)argc;
  return 0;
#endif
}

Determining if the function pthread_create exists in the pthreads failed with the following output:
Change Dir: /home/jetbot/catkin_ws/build/hector_imu_tools/CMakeFiles/CMakeTmp

Run Build Command:"/usr/bin/make" "cmTC_57618/fast"
/usr/bin/make -f CMakeFiles/cmTC_57618.dir/build.make CMakeFiles/cmTC_57618.dir/build
make[1]: Entering directory '/home/jetbot/catkin_ws/build/hector_imu_tools/CMakeFiles/CMakeTmp'
Building C object CMakeFiles/cmTC_57618.dir/CheckFunctionExists.c.o
/usr/bin/cc   -DCHECK_FUNCTION_EXISTS=pthread_create   -o CMakeFiles/cmTC_57618.dir/CheckFunctionExists.c.o   -c /usr/share/cmake-3.10/Modules/CheckFunctionExists.c
Linking C executable cmTC_57618
/usr/bin/cmake -E cmake_link_script CMakeFiles/cmTC_57618.dir/link.txt --verbose=1
/usr/bin/cc  -DCHECK_FUNCTION_EXISTS=pthread_create    -rdynamic CMakeFiles/cmTC_57618.dir/CheckFunctionExists.c.o  -o cmTC_57618 -lpthreads 
/usr/bin/ld: cannot find -lpthreads
collect2: error: ld returned 1 exit status
CMakeFiles/cmTC_57618.dir/build.make:97: recipe for target 'cmTC_57618' failed
make[1]: *** [cmTC_57618] Error 1
make[1]: Leaving directory '/home/jetbot/catkin_ws/build/hector_imu_tools/CMakeFiles/CMakeTmp'
Makefile:126: recipe for target 'cmTC_57618/fast' failed
make: *** [cmTC_57618/fast] Error 2


