Determining if the pthread_create exist failed with the following output:
Change Dir: /home/jetbot/catkin_ws/build/hector_nav_msgs/CMakeFiles/CMakeTmp

Run Build Command:"/usr/bin/make" "cmTC_a69c2/fast"
/usr/bin/make -f CMakeFiles/cmTC_a69c2.dir/build.make CMakeFiles/cmTC_a69c2.dir/build
make[1]: Entering directory '/home/jetbot/catkin_ws/build/hector_nav_msgs/CMakeFiles/CMakeTmp'
Building C object CMakeFiles/cmTC_a69c2.dir/CheckSymbolExists.c.o
/usr/bin/cc    -o CMakeFiles/cmTC_a69c2.dir/CheckSymbolExists.c.o   -c /home/jetbot/catkin_ws/build/hector_nav_msgs/CMakeFiles/CMakeTmp/CheckSymbolExists.c
Linking C executable cmTC_a69c2
/usr/bin/cmake -E cmake_link_script CMakeFiles/cmTC_a69c2.dir/link.txt --verbose=1
/usr/bin/cc      -rdynamic CMakeFiles/cmTC_a69c2.dir/CheckSymbolExists.c.o  -o cmTC_a69c2 
CMakeFiles/cmTC_a69c2.dir/CheckSymbolExists.c.o: In function `main':
CheckSymbolExists.c:(.text+0x14): undefined reference to `pthread_create'
CheckSymbolExists.c:(.text+0x18): undefined reference to `pthread_create'
collect2: error: ld returned 1 exit status
CMakeFiles/cmTC_a69c2.dir/build.make:97: recipe for target 'cmTC_a69c2' failed
make[1]: *** [cmTC_a69c2] Error 1
make[1]: Leaving directory '/home/jetbot/catkin_ws/build/hector_nav_msgs/CMakeFiles/CMakeTmp'
Makefile:126: recipe for target 'cmTC_a69c2/fast' failed
make: *** [cmTC_a69c2/fast] Error 2

File /home/jetbot/catkin_ws/build/hector_nav_msgs/CMakeFiles/CMakeTmp/CheckSymbolExists.c:
/* */
#include <pthread.h>

int main(int argc, char** argv)
{
  (void)argv;
#ifndef pthread_create
  return ((int*)(&pthread_create))[argc];
#else
  (void)argc;
  return 0;
#endif
}

Determining if the function pthread_create exists in the pthreads failed with the following output:
Change Dir: /home/jetbot/catkin_ws/build/hector_nav_msgs/CMakeFiles/CMakeTmp

Run Build Command:"/usr/bin/make" "cmTC_0eb60/fast"
/usr/bin/make -f CMakeFiles/cmTC_0eb60.dir/build.make CMakeFiles/cmTC_0eb60.dir/build
make[1]: Entering directory '/home/jetbot/catkin_ws/build/hector_nav_msgs/CMakeFiles/CMakeTmp'
Building C object CMakeFiles/cmTC_0eb60.dir/CheckFunctionExists.c.o
/usr/bin/cc   -DCHECK_FUNCTION_EXISTS=pthread_create   -o CMakeFiles/cmTC_0eb60.dir/CheckFunctionExists.c.o   -c /usr/share/cmake-3.10/Modules/CheckFunctionExists.c
Linking C executable cmTC_0eb60
/usr/bin/cmake -E cmake_link_script CMakeFiles/cmTC_0eb60.dir/link.txt --verbose=1
/usr/bin/cc  -DCHECK_FUNCTION_EXISTS=pthread_create    -rdynamic CMakeFiles/cmTC_0eb60.dir/CheckFunctionExists.c.o  -o cmTC_0eb60 -lpthreads 
/usr/bin/ld: cannot find -lpthreads
collect2: error: ld returned 1 exit status
CMakeFiles/cmTC_0eb60.dir/build.make:97: recipe for target 'cmTC_0eb60' failed
make[1]: *** [cmTC_0eb60] Error 1
make[1]: Leaving directory '/home/jetbot/catkin_ws/build/hector_nav_msgs/CMakeFiles/CMakeTmp'
Makefile:126: recipe for target 'cmTC_0eb60/fast' failed
make: *** [cmTC_0eb60/fast] Error 2


