Determining if the pthread_create exist failed with the following output:
Change Dir: /home/jetbot/catkin_ws/build/hector_geotiff_launch/CMakeFiles/CMakeTmp

Run Build Command:"/usr/bin/make" "cmTC_13675/fast"
/usr/bin/make -f CMakeFiles/cmTC_13675.dir/build.make CMakeFiles/cmTC_13675.dir/build
make[1]: Entering directory '/home/jetbot/catkin_ws/build/hector_geotiff_launch/CMakeFiles/CMakeTmp'
Building C object CMakeFiles/cmTC_13675.dir/CheckSymbolExists.c.o
/usr/bin/cc    -o CMakeFiles/cmTC_13675.dir/CheckSymbolExists.c.o   -c /home/jetbot/catkin_ws/build/hector_geotiff_launch/CMakeFiles/CMakeTmp/CheckSymbolExists.c
Linking C executable cmTC_13675
/usr/bin/cmake -E cmake_link_script CMakeFiles/cmTC_13675.dir/link.txt --verbose=1
/usr/bin/cc      -rdynamic CMakeFiles/cmTC_13675.dir/CheckSymbolExists.c.o  -o cmTC_13675 
CMakeFiles/cmTC_13675.dir/CheckSymbolExists.c.o: In function `main':
CheckSymbolExists.c:(.text+0x14): undefined reference to `pthread_create'
CheckSymbolExists.c:(.text+0x18): undefined reference to `pthread_create'
collect2: error: ld returned 1 exit status
CMakeFiles/cmTC_13675.dir/build.make:97: recipe for target 'cmTC_13675' failed
make[1]: *** [cmTC_13675] Error 1
make[1]: Leaving directory '/home/jetbot/catkin_ws/build/hector_geotiff_launch/CMakeFiles/CMakeTmp'
Makefile:126: recipe for target 'cmTC_13675/fast' failed
make: *** [cmTC_13675/fast] Error 2

File /home/jetbot/catkin_ws/build/hector_geotiff_launch/CMakeFiles/CMakeTmp/CheckSymbolExists.c:
/* */
#include <pthread.h>

int main(int argc, char** argv)
{
  (void)argv;
#ifndef pthread_create
  return ((int*)(&pthread_create))[argc];
#else
  (void)argc;
  return 0;
#endif
}

Determining if the function pthread_create exists in the pthreads failed with the following output:
Change Dir: /home/jetbot/catkin_ws/build/hector_geotiff_launch/CMakeFiles/CMakeTmp

Run Build Command:"/usr/bin/make" "cmTC_6f0af/fast"
/usr/bin/make -f CMakeFiles/cmTC_6f0af.dir/build.make CMakeFiles/cmTC_6f0af.dir/build
make[1]: Entering directory '/home/jetbot/catkin_ws/build/hector_geotiff_launch/CMakeFiles/CMakeTmp'
Building C object CMakeFiles/cmTC_6f0af.dir/CheckFunctionExists.c.o
/usr/bin/cc   -DCHECK_FUNCTION_EXISTS=pthread_create   -o CMakeFiles/cmTC_6f0af.dir/CheckFunctionExists.c.o   -c /usr/share/cmake-3.10/Modules/CheckFunctionExists.c
Linking C executable cmTC_6f0af
/usr/bin/cmake -E cmake_link_script CMakeFiles/cmTC_6f0af.dir/link.txt --verbose=1
/usr/bin/cc  -DCHECK_FUNCTION_EXISTS=pthread_create    -rdynamic CMakeFiles/cmTC_6f0af.dir/CheckFunctionExists.c.o  -o cmTC_6f0af -lpthreads 
/usr/bin/ld: cannot find -lpthreads
collect2: error: ld returned 1 exit status
CMakeFiles/cmTC_6f0af.dir/build.make:97: recipe for target 'cmTC_6f0af' failed
make[1]: *** [cmTC_6f0af] Error 1
make[1]: Leaving directory '/home/jetbot/catkin_ws/build/hector_geotiff_launch/CMakeFiles/CMakeTmp'
Makefile:126: recipe for target 'cmTC_6f0af/fast' failed
make: *** [cmTC_6f0af/fast] Error 2


