Determining if the pthread_create exist failed with the following output:
Change Dir: /home/jetbot/catkin_ws/build/hector_slam_launch/CMakeFiles/CMakeTmp

Run Build Command:"/usr/bin/make" "cmTC_ae21c/fast"
/usr/bin/make -f CMakeFiles/cmTC_ae21c.dir/build.make CMakeFiles/cmTC_ae21c.dir/build
make[1]: Entering directory '/home/jetbot/catkin_ws/build/hector_slam_launch/CMakeFiles/CMakeTmp'
Building C object CMakeFiles/cmTC_ae21c.dir/CheckSymbolExists.c.o
/usr/bin/cc    -o CMakeFiles/cmTC_ae21c.dir/CheckSymbolExists.c.o   -c /home/jetbot/catkin_ws/build/hector_slam_launch/CMakeFiles/CMakeTmp/CheckSymbolExists.c
Linking C executable cmTC_ae21c
/usr/bin/cmake -E cmake_link_script CMakeFiles/cmTC_ae21c.dir/link.txt --verbose=1
/usr/bin/cc      -rdynamic CMakeFiles/cmTC_ae21c.dir/CheckSymbolExists.c.o  -o cmTC_ae21c 
CMakeFiles/cmTC_ae21c.dir/CheckSymbolExists.c.o: In function `main':
CheckSymbolExists.c:(.text+0x14): undefined reference to `pthread_create'
CheckSymbolExists.c:(.text+0x18): undefined reference to `pthread_create'
collect2: error: ld returned 1 exit status
CMakeFiles/cmTC_ae21c.dir/build.make:97: recipe for target 'cmTC_ae21c' failed
make[1]: *** [cmTC_ae21c] Error 1
make[1]: Leaving directory '/home/jetbot/catkin_ws/build/hector_slam_launch/CMakeFiles/CMakeTmp'
Makefile:126: recipe for target 'cmTC_ae21c/fast' failed
make: *** [cmTC_ae21c/fast] Error 2

File /home/jetbot/catkin_ws/build/hector_slam_launch/CMakeFiles/CMakeTmp/CheckSymbolExists.c:
/* */
#include <pthread.h>

int main(int argc, char** argv)
{
  (void)argv;
#ifndef pthread_create
  return ((int*)(&pthread_create))[argc];
#else
  (void)argc;
  return 0;
#endif
}

Determining if the function pthread_create exists in the pthreads failed with the following output:
Change Dir: /home/jetbot/catkin_ws/build/hector_slam_launch/CMakeFiles/CMakeTmp

Run Build Command:"/usr/bin/make" "cmTC_cff27/fast"
/usr/bin/make -f CMakeFiles/cmTC_cff27.dir/build.make CMakeFiles/cmTC_cff27.dir/build
make[1]: Entering directory '/home/jetbot/catkin_ws/build/hector_slam_launch/CMakeFiles/CMakeTmp'
Building C object CMakeFiles/cmTC_cff27.dir/CheckFunctionExists.c.o
/usr/bin/cc   -DCHECK_FUNCTION_EXISTS=pthread_create   -o CMakeFiles/cmTC_cff27.dir/CheckFunctionExists.c.o   -c /usr/share/cmake-3.10/Modules/CheckFunctionExists.c
Linking C executable cmTC_cff27
/usr/bin/cmake -E cmake_link_script CMakeFiles/cmTC_cff27.dir/link.txt --verbose=1
/usr/bin/cc  -DCHECK_FUNCTION_EXISTS=pthread_create    -rdynamic CMakeFiles/cmTC_cff27.dir/CheckFunctionExists.c.o  -o cmTC_cff27 -lpthreads 
/usr/bin/ld: cannot find -lpthreads
collect2: error: ld returned 1 exit status
CMakeFiles/cmTC_cff27.dir/build.make:97: recipe for target 'cmTC_cff27' failed
make[1]: *** [cmTC_cff27] Error 1
make[1]: Leaving directory '/home/jetbot/catkin_ws/build/hector_slam_launch/CMakeFiles/CMakeTmp'
Makefile:126: recipe for target 'cmTC_cff27/fast' failed
make: *** [cmTC_cff27/fast] Error 2


